{
  "stats": {
    "suites": 0,
    "tests": 1,
    "passes": 1,
    "pending": 0,
    "failures": 0,
    "start": "2024-01-07T17:35:47.395Z",
    "end": "2024-01-07T17:36:10.667Z",
    "duration": 23272,
    "testsRegistered": 1,
    "passPercent": 100,
    "pendingPercent": 0,
    "other": 0,
    "hasOther": false,
    "skipped": 0,
    "hasSkipped": false
  },
  "results": [
    {
      "uuid": "ee403d03-544d-4368-8445-1d40093ed95f",
      "title": "",
      "fullFile": "cypress\\e2e\\integration\\login_test.cy.js",
      "file": "cypress\\e2e\\integration\\login_test.cy.js",
      "beforeHooks": [],
      "afterHooks": [],
      "tests": [
        {
          "title": "Hellohrm Login test",
          "fullTitle": "Hellohrm Login test",
          "timedOut": null,
          "duration": 14861,
          "state": "passed",
          "speed": "slow",
          "pass": true,
          "fail": false,
          "pending": false,
          "context": null,
          "code": "loginPage.navigate('https://app.hellohrm.com');\nloginPage.enterUsername(\"farhadreg2jan\");\nloginPage.enterPassword(\"123456\");\nloginPage.clickLoginButton();",
          "err": {},
          "uuid": "71599cf8-a882-4094-939e-faaf4c53a4c4",
          "parentUUID": "ee403d03-544d-4368-8445-1d40093ed95f",
          "isHook": false,
          "skipped": false
        }
      ],
      "suites": [],
      "passes": [
        "71599cf8-a882-4094-939e-faaf4c53a4c4"
      ],
      "failures": [],
      "pending": [],
      "skipped": [],
      "duration": 14861,
      "root": true,
      "rootEmpty": false,
      "_timeout": 2000
    }
  ],
  "meta": {
    "mocha": {
      "version": "7.0.1"
    },
    "mochawesome": {
      "options": {
        "quiet": false,
        "reportFilename": "my-report",
        "saveHtml": false,
        "saveJson": true,
        "consoleReporter": "spec",
        "useInlineDiffs": false,
        "code": true
      },
      "version": "7.1.3"
    },
    "marge": {
      "options": {
        "charts": true,
        "json": true,
        "reportsDir": "cypress/mochaweosme-report",
        "reportFilename": "my-report",
        "overwrite": false,
        "html": false
      },
      "version": "6.2.0"
    }
  }
}